<?xml version="1.0" encoding="UTF-8"?>
<robot generator="Robot 5.0 (Python 3.10.2 on win32)" generated="20220510 17:10:30.144" rpa="false" schemaversion="3">
<suite id="s1" name="Consulta Petz" source="C:\Users\saman\PycharmProjects\133PetsRobotFramework\consulta_petz.robot">
<test id="s1-t1" name="Consulta Produto com CLique na Lupa" line="15">
<kw name="Dado que acesso o site como cliente">
<kw name="Open Browser" library="SeleniumLibrary">
<arg>${url}</arg>
<arg>${browser}</arg>
<doc>Opens a new browser instance to the optional ``url``.</doc>
<msg timestamp="20220510 17:10:30.363" level="INFO">Opening browser 'Chrome' to base url 'https://www.petz.com.br'.</msg>
<status status="PASS" starttime="20220510 17:10:30.363" endtime="20220510 17:10:36.808"/>
</kw>
<status status="PASS" starttime="20220510 17:10:30.363" endtime="20220510 17:10:36.808"/>
</kw>
<kw name="Quando escrevo &quot;RAÇÃO&quot; na barra de pesquisa" sourcename="Quando escrevo &quot;${palavra_chave}&quot; na barra de pesquisa">
<kw name="Convert To Upper Case" library="String">
<arg>${palavra_chave}</arg>
<doc>Converts string to upper case.</doc>
<status status="PASS" starttime="20220510 17:10:36.810" endtime="20220510 17:10:36.810"/>
</kw>
<kw name="Set Test Variable" library="BuiltIn">
<arg>${palavra_chave}</arg>
<doc>Makes a variable available everywhere within the scope of the current test.</doc>
<msg timestamp="20220510 17:10:36.810" level="INFO">${palavra_chave} = RAÇÃO</msg>
<status status="PASS" starttime="20220510 17:10:36.810" endtime="20220510 17:10:36.810"/>
</kw>
<kw name="Input Text" library="SeleniumLibrary">
<arg>name = q</arg>
<arg>${palavra_chave}</arg>
<doc>Types the given ``text`` into the text field identified by ``locator``.</doc>
<msg timestamp="20220510 17:10:36.811" level="INFO">Typing text 'RAÇÃO' into text field 'name = q'.</msg>
<status status="PASS" starttime="20220510 17:10:36.810" endtime="20220510 17:10:37.134"/>
</kw>
<status status="PASS" starttime="20220510 17:10:36.809" endtime="20220510 17:10:37.135"/>
</kw>
<kw name="E clico no botao da lupa">
<kw name="Click Button" library="SeleniumLibrary">
<arg>class = button-search</arg>
<doc>Clicks the button identified by ``locator``.</doc>
<msg timestamp="20220510 17:10:37.136" level="INFO">Clicking button 'class = button-search'.</msg>
<status status="PASS" starttime="20220510 17:10:37.136" endtime="20220510 17:10:41.443"/>
</kw>
<status status="PASS" starttime="20220510 17:10:37.135" endtime="20220510 17:10:41.443"/>
</kw>
<kw name="Entao exibe um grid e a frase do resultado esperado">
<kw name="Element Should Contain" library="SeleniumLibrary">
<arg>css = h1.h2Categoria.nomeCategoria</arg>
<arg>RESULTADOS PARA "${palavra_chave}"</arg>
<doc>Verifies that element ``locator`` contains text ``expected``.</doc>
<msg timestamp="20220510 17:10:41.515" level="INFO">Element 'css = h1.h2Categoria.nomeCategoria' contains text 'RESULTADOS PARA "RAÇÃO"'.</msg>
<status status="PASS" starttime="20220510 17:10:41.444" endtime="20220510 17:10:41.516"/>
</kw>
<status status="PASS" starttime="20220510 17:10:41.443" endtime="20220510 17:10:41.516"/>
</kw>
<kw name="Feche o browser">
<kw name="Close Browser" library="SeleniumLibrary">
<doc>Closes the current browser.</doc>
<status status="PASS" starttime="20220510 17:10:41.517" endtime="20220510 17:10:43.740"/>
</kw>
<status status="PASS" starttime="20220510 17:10:41.517" endtime="20220510 17:10:43.741"/>
</kw>
<kw name="Close Browser" library="SeleniumLibrary" type="TEARDOWN">
<doc>Closes the current browser.</doc>
<status status="PASS" starttime="20220510 17:10:43.741" endtime="20220510 17:10:43.742"/>
</kw>
<tag>rapido</tag>
<status status="PASS" starttime="20220510 17:10:30.360" endtime="20220510 17:10:43.742"/>
</test>
<test id="s1-t2" name="Consulta Produto Apertando Enter" line="23">
<kw name="Dado que acesso o site como cliente">
<kw name="Open Browser" library="SeleniumLibrary">
<arg>${url}</arg>
<arg>${browser}</arg>
<doc>Opens a new browser instance to the optional ``url``.</doc>
<msg timestamp="20220510 17:10:43.743" level="INFO">Opening browser 'Chrome' to base url 'https://www.petz.com.br'.</msg>
<status status="PASS" starttime="20220510 17:10:43.743" endtime="20220510 17:10:48.706"/>
</kw>
<status status="PASS" starttime="20220510 17:10:43.743" endtime="20220510 17:10:48.707"/>
</kw>
<kw name="Quando escrevo &quot;COLEIRA&quot; na barra de pesquisa" sourcename="Quando escrevo &quot;${palavra_chave}&quot; na barra de pesquisa">
<kw name="Convert To Upper Case" library="String">
<arg>${palavra_chave}</arg>
<doc>Converts string to upper case.</doc>
<status status="PASS" starttime="20220510 17:10:48.708" endtime="20220510 17:10:48.708"/>
</kw>
<kw name="Set Test Variable" library="BuiltIn">
<arg>${palavra_chave}</arg>
<doc>Makes a variable available everywhere within the scope of the current test.</doc>
<msg timestamp="20220510 17:10:48.708" level="INFO">${palavra_chave} = COLEIRA</msg>
<status status="PASS" starttime="20220510 17:10:48.708" endtime="20220510 17:10:48.708"/>
</kw>
<kw name="Input Text" library="SeleniumLibrary">
<arg>name = q</arg>
<arg>${palavra_chave}</arg>
<doc>Types the given ``text`` into the text field identified by ``locator``.</doc>
<msg timestamp="20220510 17:10:48.709" level="INFO">Typing text 'COLEIRA' into text field 'name = q'.</msg>
<status status="PASS" starttime="20220510 17:10:48.709" endtime="20220510 17:10:48.994"/>
</kw>
<status status="PASS" starttime="20220510 17:10:48.707" endtime="20220510 17:10:48.994"/>
</kw>
<kw name="E aperto a tecla Enter">
<kw name="Press Keys" library="SeleniumLibrary">
<arg>name = q</arg>
<arg>ENTER</arg>
<doc>Simulates the user pressing key(s) to an element or on the active browser.</doc>
<msg timestamp="20220510 17:10:48.997" level="INFO">Sending key(s) ('ENTER',) to name = q element.</msg>
<msg timestamp="20220510 17:10:49.642" level="INFO">Pressing special key ENTER to element.</msg>
<msg timestamp="20220510 17:10:49.642" level="INFO">Releasing special key ENTER.</msg>
<status status="PASS" starttime="20220510 17:10:48.996" endtime="20220510 17:10:52.867"/>
</kw>
<status status="PASS" starttime="20220510 17:10:48.995" endtime="20220510 17:10:52.867"/>
</kw>
<kw name="Entao exibe um grid e a frase do resultado esperado">
<kw name="Element Should Contain" library="SeleniumLibrary">
<arg>css = h1.h2Categoria.nomeCategoria</arg>
<arg>RESULTADOS PARA "${palavra_chave}"</arg>
<doc>Verifies that element ``locator`` contains text ``expected``.</doc>
<msg timestamp="20220510 17:10:52.908" level="INFO">Element 'css = h1.h2Categoria.nomeCategoria' contains text 'RESULTADOS PARA "COLEIRA"'.</msg>
<status status="PASS" starttime="20220510 17:10:52.869" endtime="20220510 17:10:52.908"/>
</kw>
<status status="PASS" starttime="20220510 17:10:52.869" endtime="20220510 17:10:52.908"/>
</kw>
<kw name="Feche o browser">
<kw name="Close Browser" library="SeleniumLibrary">
<doc>Closes the current browser.</doc>
<status status="PASS" starttime="20220510 17:10:52.909" endtime="20220510 17:10:55.131"/>
</kw>
<status status="PASS" starttime="20220510 17:10:52.909" endtime="20220510 17:10:55.131"/>
</kw>
<kw name="Close Browser" library="SeleniumLibrary" type="TEARDOWN">
<doc>Closes the current browser.</doc>
<status status="PASS" starttime="20220510 17:10:55.132" endtime="20220510 17:10:55.132"/>
</kw>
<tag>rapido</tag>
<status status="PASS" starttime="20220510 17:10:43.742" endtime="20220510 17:10:55.132"/>
</test>
<doc>Consultas no site da Petz</doc>
<status status="PASS" starttime="20220510 17:10:30.146" endtime="20220510 17:10:55.133"/>
</suite>
<statistics>
<total>
<stat pass="2" fail="0" skip="0">All Tests</stat>
</total>
<tag>
<stat pass="2" fail="0" skip="0">rapido</stat>
</tag>
<suite>
<stat pass="2" fail="0" skip="0" id="s1" name="Consulta Petz">Consulta Petz</stat>
</suite>
</statistics>
<errors>
</errors>
</robot>
